<?xml version="1.0" encoding="UTF-8"?>
<testng-results ignored="0" total="2" passed="2" failed="0" skipped="0">
  <reporter-output>
  </reporter-output>
  <suite started-at="2025-07-30T14:41:16 IST" name="Test Suite for Buildout" finished-at="2025-07-30T14:42:18 IST" duration-ms="62163">
    <groups>
    </groups>
    <test started-at="2025-07-30T14:41:16 IST" name="Test Cases for Buildout" finished-at="2025-07-30T14:42:18 IST" duration-ms="62163">
      <class name="demo.TestCases">
        <test-method is-config="true" signature="startBrowser()[pri:0, instance:demo.TestCases@6bca7e0d]" started-at="2025-07-30T14:41:16 IST" name="startBrowser" finished-at="2025-07-30T14:41:21 IST" duration-ms="5046" status="PASS">
          <reporter-output>
          </reporter-output>
        </test-method> <!-- startBrowser -->
        <test-method signature="testCase01()[pri:0, instance:demo.TestCases@6bca7e0d]" started-at="2025-07-30T14:41:21 IST" name="testCase01" finished-at="2025-07-30T14:41:55 IST" duration-ms="33621" status="PASS">
          <reporter-output>
          </reporter-output>
        </test-method> <!-- testCase01 -->
        <test-method signature="testCase02()[pri:0, instance:demo.TestCases@6bca7e0d]" started-at="2025-07-30T14:41:55 IST" name="testCase02" finished-at="2025-07-30T14:42:17 IST" duration-ms="22463" status="PASS">
          <reporter-output>
          </reporter-output>
        </test-method> <!-- testCase02 -->
        <test-method is-config="true" signature="endTest()[pri:0, instance:demo.TestCases@6bca7e0d]" started-at="2025-07-30T14:42:18 IST" name="endTest" finished-at="2025-07-30T14:42:18 IST" duration-ms="974" status="PASS">
          <reporter-output>
          </reporter-output>
        </test-method> <!-- endTest -->
      </class> <!-- demo.TestCases -->
    </test> <!-- Test Cases for Buildout -->
  </suite> <!-- Test Suite for Buildout -->
</testng-results>
