<?xml version="1.0" encoding="UTF-8"?>
<testng-results ignored="0" total="2" passed="2" failed="0" skipped="0">
  <reporter-output>
  </reporter-output>
  <suite started-at="2025-07-28T13:55:05 IST" name="Test Suite for Buildout" finished-at="2025-07-28T13:56:16 IST" duration-ms="70410">
    <groups>
    </groups>
    <test started-at="2025-07-28T13:55:05 IST" name="Test Cases for Buildout" finished-at="2025-07-28T13:56:16 IST" duration-ms="70410">
      <class name="demo.TestCases">
        <test-method is-config="true" signature="startBrowser()[pri:0, instance:demo.TestCases@6bca7e0d]" started-at="2025-07-28T13:55:05 IST" name="startBrowser" finished-at="2025-07-28T13:55:09 IST" duration-ms="4034" status="PASS">
          <reporter-output>
          </reporter-output>
        </test-method> <!-- startBrowser -->
        <test-method signature="testCase01()[pri:0, instance:demo.TestCases@6bca7e0d]" started-at="2025-07-28T13:55:09 IST" name="testCase01" finished-at="2025-07-28T13:55:50 IST" duration-ms="40033" status="PASS">
          <reporter-output>
          </reporter-output>
        </test-method> <!-- testCase01 -->
        <test-method signature="testCase02()[pri:0, instance:demo.TestCases@6bca7e0d]" started-at="2025-07-28T13:55:50 IST" name="testCase02" finished-at="2025-07-28T13:56:15 IST" duration-ms="25244" status="PASS">
          <reporter-output>
          </reporter-output>
        </test-method> <!-- testCase02 -->
        <test-method is-config="true" signature="endTest()[pri:0, instance:demo.TestCases@6bca7e0d]" started-at="2025-07-28T13:56:15 IST" name="endTest" finished-at="2025-07-28T13:56:16 IST" duration-ms="996" status="PASS">
          <reporter-output>
          </reporter-output>
        </test-method> <!-- endTest -->
      </class> <!-- demo.TestCases -->
    </test> <!-- Test Cases for Buildout -->
  </suite> <!-- Test Suite for Buildout -->
</testng-results>
